


ARM Macro Assembler    Page 1 


    1 00000000         ; Print.s
    2 00000000         ; Student names: change this to your names or look very 
                       silly
    3 00000000         ; Last modification date: change this to the last modifi
                       cation date or look very silly
    4 00000000         ; Runs on LM4F120 or TM4C123
    5 00000000         ; EE319K lab 7 device driver for any LCD
    6 00000000         ;
    7 00000000         ; As part of Lab 7, students need to implement these LCD
                       _OutDec and LCD_OutFix
    8 00000000         ; This driver assumes two low-level LCD functions
    9 00000000         ; ST7735_OutChar   outputs a single 8-bit ASCII characte
                       r
   10 00000000         ; ST7735_OutString outputs a null-terminated string 
   11 00000000         
   12 00000000         
   13 00000000         
   14 00000000                 IMPORT           ST7735_OutChar
   15 00000000                 IMPORT           ST7735_OutString
   16 00000000                 EXPORT           LCD_OutDec
   17 00000000                 EXPORT           LCD_OutFix
   18 00000000         
   19 00000000         
   20 00000000                 AREA             |.text|, CODE, READONLY, ALIGN=
2
   21 00000000                 THUMB
   22 00000000         
   23 00000000 2A 2E 2A 
              2A 2A 00 INVALID DCB              "*.***\0"
   24 00000006         
   25 00000006         ;-----------------------LCD_OutDec----------------------
                       -
   26 00000006         ; Output a 32-bit number in unsigned decimal format
   27 00000006         ; Input: R0 (call by value) 32-bit unsigned number
   28 00000006         ; Output: none
   29 00000006         ; Invariables: This function must not permanently modify
                        registers R4 to R11
   30 00000006         ;BINDING PHASE
   31 00000006 00000004 
                       NUM     EQU              4           ;Bind Num
   32 00000006 00000000 
                       FACTOR  EQU              0           ;Bind Factor
   33 00000006 0000000A 
                       TEN     EQU              10
   34 00000006         
   35 00000006         LCD_OutDec
   36 00000006         
   37 00000006 E92D 47F0       PUSH{R4-R10,     LR}
   38 0000000A                 PRESERVE8
   39 0000000A         ;R0 HAS NUM, USE LOCAL VARIABLE
   40 0000000A         ;ALLOCATION PHASE
   41 0000000A B401            PUSH             {R0}        ;R0 = input, push o
                                                            n stack
   42 0000000C B081            SUB              SP, #4      ;Allocate space for
                                                             Factor
   43 0000000E         ;ACCESS PHASE
   44 0000000E 2800            CMP              R0, #0
   45 00000010 D02A            BEQ              Zero
   46 00000012 F04F 0100       MOV              R1, #0



ARM Macro Assembler    Page 2 


   47 00000016 F04F 020A       LDR              R2, =10
   48 0000001A         Count_Length
   49 0000001A 2800            CMP              R0, #0
   50 0000001C D004            BEQ              Prep_Factor
   51 0000001E F101 0101       ADD              R1, #1
   52 00000022 FBB0 F0F2       UDIV             R0, R2
   53 00000026 E7F8            B                Count_Length
   54 00000028         
   55 00000028         Prep_Factor
   56 00000028 F04F 0301       MOV              R3, #1
   57 0000002C         
   58 0000002C         Create_Factor
   59 0000002C 2901            CMP              R1, #1
   60 0000002E D004            BEQ              Prep_Print
   61 00000030 FB03 F302       MUL              R3, R2
   62 00000034 F1A1 0101       SUB              R1, #1
   63 00000038 E7F8            B                Create_Factor
   64 0000003A         
   65 0000003A         Prep_Print
   66 0000003A 9300            STR              R3, [SP, #FACTOR] ;Declare fact
                                                            or/ store value int
                                                            o factor
   67 0000003C 9A00            LDR              R2, [SP, #FACTOR] ;Load factor 
                                                            into R2
   68 0000003E         Print
   69 0000003E 2A00            CMP              R2, #0
   70 00000040 D016            BEQ              FIN
   71 00000042 9B01            LDR              R3, [SP, #NUM] ;Load Num
   72 00000044 FBB3 F0F2       UDIV             R0, R3, R2
   73 00000048 FB00 F102       MUL              R1, R0, R2
   74 0000004C EBA3 0301       SUB              R3, R1
   75 00000050 F04F 040A       LDR              R4, =10
   76 00000054 FBB2 F2F4       UDIV             R2, R4
   77 00000058 9200            STR              R2, [SP, #FACTOR] 
                                                            ;Update Factor
   78 0000005A F100 0030       ADD              R0, #0x30
   79 0000005E 9301            STR              R3, [SP, #NUM] ;Update Num
   80 00000060 F7FF FFFE       BL               ST7735_OutChar
   81 00000064 9A00            LDR              R2, [SP, #FACTOR] ;Load Factor
   82 00000066 E7EA            B                Print
   83 00000068         
   84 00000068         
   85 00000068         Zero
   86 00000068 F100 0030       ADD              R0, #0x30
   87 0000006C F7FF FFFE       BL               ST7735_OutChar
   88 00000070         
   89 00000070         FIN
   90 00000070         ;DEALLOCATION PHASE
   91 00000070 B002            ADD              SP, #8
   92 00000072 E8BD 87F0       POP{R4-R10,      PC}
   93 00000076         ;* * * * * * * * End of LCD_OutDec * * * * * * * *
   94 00000076         
   95 00000076         ; -----------------------LCD _OutFix--------------------
                       --
   96 00000076         ; Output characters to LCD display in fixed-point format
                       
   97 00000076         ; unsigned decimal, resolution 0.001, range 0.000 to 9.9
                       99
   98 00000076         ; Inputs:  R0 is an unsigned 32-bit number



ARM Macro Assembler    Page 3 


   99 00000076         ; Outputs: none
  100 00000076         ; E.g., R0=0,    then output "0.000 "
  101 00000076         ;       R0=3,    then output "0.003 "
  102 00000076         ;       R0=89,   then output "0.089 "
  103 00000076         ;       R0=123,  then output "0.123 "
  104 00000076         ;       R0=9999, then output "9.999 "
  105 00000076         ;       R0>9999, then output "*.*** "
  106 00000076         ; Invariables: This function must not permanently modify
                        registers R4 to R11
  107 00000076         
  108 00000076         ;BINDING PHASE
  109 00000076         LCD_OutFix
  110 00000076 0000270F 
                       MAX     EQU              9999        ; MAX NUMBER
  111 00000076 0000002E 
                       POINT   EQU              0x2E        ; DOT IN ASCII
  112 00000076 000003E8 
                       DELTA   EQU              1000        ; DIVIDING FACTOR
  113 00000076         ;FACTOR EQU 0 ;Bind Factor
  114 00000076 00000004 
                       FIXED   EQU              4           ;Bind FIXED
  115 00000076         ;R0 HAS NUM, USE LOCAL VARIABLE
  116 00000076 B510            PUSH{R4,         LR}
  117 00000078 F242 710F       LDR              R1, =MAX
  118 0000007C 4288            CMP              R0, R1
  119 0000007E D82F            BHI              EXCEED_MAX
  120 00000080                 PRESERVE8
  121 00000080 B401            PUSH{R0}                     ;Save num in R1
  122 00000082 F44F 727A       LDR              R2, =DELTA  ;Print the first nu
                                                            mber
  123 00000086 FBB0 F0F2       UDIV             R0, R2
  124 0000008A F100 0030       ADD              R0, #0x30
  125 0000008E F7FF FFFE       BL               ST7735_OutChar
  126 00000092 F04F 002E       LDR              R0, =POINT  ;Print the decimal 
                                                            point
  127 00000096 F7FF FFFE       BL               ST7735_OutChar
  128 0000009A F44F 727A       LDR              R2, =DELTA
  129 0000009E BC08            POP{R3}
  130 000000A0 FBB3 F0F2       UDIV             R0, R3, R2
  131 000000A4 FB00 F002       MUL              R0, R2
  132 000000A8 EBA3 0300       SUB              R3, R0
  133 000000AC         ;Create local var Factor
  134 000000AC         ;ALLOCATION PHASE
  135 000000AC B408            PUSH             {R3}        ;R3 = Fixed
  136 000000AE B081            SUB              SP, #4      ;Allocate Factor
  137 000000B0 F04F 0264       LDR              R2, =100
  138 000000B4 9200            STR              R2, [SP, #FACTOR] ;Declare Fact
                                                            or/ store value to 
                                                            factor
  139 000000B6         Print_Fixed
  140 000000B6 2A00            CMP              R2, #0
  141 000000B8 D016            BEQ              FIN_FIXED
  142 000000BA 9B01            LDR              R3, [SP, #FIXED] ;Load Fixed
  143 000000BC FBB3 F0F2       UDIV             R0, R3, R2
  144 000000C0 FB00 F102       MUL              R1, R0, R2
  145 000000C4 EBA3 0301       SUB              R3, R1
  146 000000C8 F04F 040A       LDR              R4, =10
  147 000000CC FBB2 F2F4       UDIV             R2, R4
  148 000000D0 9200            STR              R2, [SP, #FACTOR] 



ARM Macro Assembler    Page 4 


                                                            ;Updated Factor
  149 000000D2 F100 0030       ADD              R0, #0x30
  150 000000D6 9301            STR              R3, [SP, #FIXED] ;Updated Fixed
                                                            
  151 000000D8 F7FF FFFE       BL               ST7735_OutChar
  152 000000DC 9A00            LDR              R2, [SP, #FACTOR] ;Load Factor
  153 000000DE E7EA            B                Print_Fixed
  154 000000E0         EXCEED_MAX
  155 000000E0 4802            LDR              R0, =INVALID
  156 000000E2 F7FF FFFE       BL               ST7735_OutString
  157 000000E6 B082            SUB              SP, #8
  158 000000E8         FIN_FIXED
  159 000000E8         ;DEALLOCATION PHASE
  160 000000E8 B002            ADD              SP, #8
  161 000000EA BD10            POP{R4,          PC}
  162 000000EC                 ALIGN
  163 000000EC         ;* * * * * * * * End of LCD_OutFix * * * * * * * *
  164 000000EC         
  165 000000EC                 ALIGN                        ; make sure the end
                                                             of this section is
                                                             aligned
  166 000000EC                 END                          ; end of file
              00000000 
Command Line: --debug --xref --cpu=Cortex-M4 --apcs=interwork --depend=.\print.
d -o.\print.o -IC:\Keil\ARM\RV31\INC -IC:\Keil\ARM\CMSIS\Include -IC:\Keil\ARM\
Inc\Luminary --list=.\print.lst Print.s



ARM Macro Assembler    Page 1 Alphabetic symbol ordering
Relocatable symbols

.text 00000000

Symbol: .text
   Definitions
      At line 20 in file Print.s
   Uses
      None
Comment: .text unused
Count_Length 0000001A

Symbol: Count_Length
   Definitions
      At line 48 in file Print.s
   Uses
      At line 53 in file Print.s
Comment: Count_Length used once
Create_Factor 0000002C

Symbol: Create_Factor
   Definitions
      At line 58 in file Print.s
   Uses
      At line 63 in file Print.s
Comment: Create_Factor used once
EXCEED_MAX 000000E0

Symbol: EXCEED_MAX
   Definitions
      At line 154 in file Print.s
   Uses
      At line 119 in file Print.s
Comment: EXCEED_MAX used once
FIN 00000070

Symbol: FIN
   Definitions
      At line 89 in file Print.s
   Uses
      At line 70 in file Print.s
Comment: FIN used once
FIN_FIXED 000000E8

Symbol: FIN_FIXED
   Definitions
      At line 158 in file Print.s
   Uses
      At line 141 in file Print.s
Comment: FIN_FIXED used once
INVALID 00000000

Symbol: INVALID
   Definitions
      At line 23 in file Print.s
   Uses
      At line 155 in file Print.s
Comment: INVALID used once
LCD_OutDec 00000006

Symbol: LCD_OutDec



ARM Macro Assembler    Page 2 Alphabetic symbol ordering
Relocatable symbols

   Definitions
      At line 35 in file Print.s
   Uses
      At line 16 in file Print.s
Comment: LCD_OutDec used once
LCD_OutFix 00000076

Symbol: LCD_OutFix
   Definitions
      At line 109 in file Print.s
   Uses
      At line 17 in file Print.s
Comment: LCD_OutFix used once
Prep_Factor 00000028

Symbol: Prep_Factor
   Definitions
      At line 55 in file Print.s
   Uses
      At line 50 in file Print.s
Comment: Prep_Factor used once
Prep_Print 0000003A

Symbol: Prep_Print
   Definitions
      At line 65 in file Print.s
   Uses
      At line 60 in file Print.s
Comment: Prep_Print used once
Print 0000003E

Symbol: Print
   Definitions
      At line 68 in file Print.s
   Uses
      At line 82 in file Print.s
Comment: Print used once
Print_Fixed 000000B6

Symbol: Print_Fixed
   Definitions
      At line 139 in file Print.s
   Uses
      At line 153 in file Print.s
Comment: Print_Fixed used once
Zero 00000068

Symbol: Zero
   Definitions
      At line 85 in file Print.s
   Uses
      At line 45 in file Print.s
Comment: Zero used once
14 symbols



ARM Macro Assembler    Page 1 Alphabetic symbol ordering
Absolute symbols

DELTA 000003E8

Symbol: DELTA
   Definitions
      At line 112 in file Print.s
   Uses
      At line 122 in file Print.s
      At line 128 in file Print.s

FACTOR 00000000

Symbol: FACTOR
   Definitions
      At line 32 in file Print.s
   Uses
      At line 66 in file Print.s
      At line 67 in file Print.s
      At line 77 in file Print.s
      At line 81 in file Print.s
      At line 138 in file Print.s
      At line 148 in file Print.s
      At line 152 in file Print.s

FIXED 00000004

Symbol: FIXED
   Definitions
      At line 114 in file Print.s
   Uses
      At line 142 in file Print.s
      At line 150 in file Print.s

MAX 0000270F

Symbol: MAX
   Definitions
      At line 110 in file Print.s
   Uses
      At line 117 in file Print.s
Comment: MAX used once
NUM 00000004

Symbol: NUM
   Definitions
      At line 31 in file Print.s
   Uses
      At line 71 in file Print.s
      At line 79 in file Print.s

POINT 0000002E

Symbol: POINT
   Definitions
      At line 111 in file Print.s
   Uses
      At line 126 in file Print.s
Comment: POINT used once
TEN 0000000A




ARM Macro Assembler    Page 2 Alphabetic symbol ordering
Absolute symbols

Symbol: TEN
   Definitions
      At line 33 in file Print.s
   Uses
      None
Comment: TEN unused
7 symbols



ARM Macro Assembler    Page 1 Alphabetic symbol ordering
External symbols

ST7735_OutChar 00000000

Symbol: ST7735_OutChar
   Definitions
      At line 14 in file Print.s
   Uses
      At line 80 in file Print.s
      At line 87 in file Print.s
      At line 125 in file Print.s
      At line 127 in file Print.s
      At line 151 in file Print.s

ST7735_OutString 00000000

Symbol: ST7735_OutString
   Definitions
      At line 15 in file Print.s
   Uses
      At line 156 in file Print.s
Comment: ST7735_OutString used once
2 symbols
355 symbols in table
